<?xml version="1.0" encoding="UTF-8"?>
<!-- Generated by org.testng.reporters.JUnitReportReporter -->
<testsuite hostname="FATIH_YUKSEL_PC" failures="0" tests="4" name="tests.day16_Priority_DepensOnMethod_BeforeAfter.C03_Priority" time="44.219" errors="0" timestamp="2023-02-02T08:17:36 TRT" skipped="0">
  <testcase classname="tests.day16_Priority_DepensOnMethod_BeforeAfter.C03_Priority" name="hepsiburadaTest" time="11.212"/>
  <system-out/>
  <testcase classname="tests.day16_Priority_DepensOnMethod_BeforeAfter.C03_Priority" name="bestbuyTest" time="3.017"/>
  <system-out/>
  <testcase classname="tests.day16_Priority_DepensOnMethod_BeforeAfter.C03_Priority" name="youtubeTest" time="22.338"/>
  <system-out/>
  <testcase classname="tests.day16_Priority_DepensOnMethod_BeforeAfter.C03_Priority" name="amazonTest" time="7.652"/>
  <system-out/>
</testsuite> <!-- tests.day16_Priority_DepensOnMethod_BeforeAfter.C03_Priority -->
