<?xml version="1.0" encoding="UTF-8"?>
<!-- Generated by org.testng.reporters.JUnitReportReporter -->
<testsuite hostname="FATIH_YUKSEL_PC" failures="0" tests="1" name="tests.day17_DependsOnMethod_SoftAssert_OOP.C03_SoftAssert" time="10.333" errors="0" timestamp="2023-02-02T08:17:36 TRT" skipped="0">
  <testcase classname="tests.day17_DependsOnMethod_SoftAssert_OOP.C03_SoftAssert" name="test01" time="10.333"/>
  <system-out/>
</testsuite> <!-- tests.day17_DependsOnMethod_SoftAssert_OOP.C03_SoftAssert -->
