<?xml version="1.0" encoding="UTF-8"?>
<!-- Generated by org.testng.reporters.JUnitReportReporter -->
<testsuite hostname="FATIH_YUKSEL_PC" failures="0" tests="4" name="tests.day16_Priority_DepensOnMethod_BeforeAfter.C03_Priority" time="32.002" errors="0" timestamp="2023-02-01T15:19:29 TRT" skipped="0">
  <testcase classname="tests.day16_Priority_DepensOnMethod_BeforeAfter.C03_Priority" name="hepsiburadaTest" time="13.989"/>
  <system-out/>
  <testcase classname="tests.day16_Priority_DepensOnMethod_BeforeAfter.C03_Priority" name="bestbuyTest" time="3.140"/>
  <system-out/>
  <testcase classname="tests.day16_Priority_DepensOnMethod_BeforeAfter.C03_Priority" name="youtubeTest" time="7.555"/>
  <system-out/>
  <testcase classname="tests.day16_Priority_DepensOnMethod_BeforeAfter.C03_Priority" name="amazonTest" time="7.318"/>
  <system-out/>
</testsuite> <!-- tests.day16_Priority_DepensOnMethod_BeforeAfter.C03_Priority -->
