<?xml version="1.0" encoding="UTF-8"?>
<!-- Generated by org.testng.reporters.JUnitReportReporter -->
<testsuite hostname="FATIH_YUKSEL_PC" failures="0" tests="1" name="tests.day17_DependsOnMethod_SoftAssert_OOP.C04_DriverIlkTest" time="21.714" errors="0" timestamp="2023-02-01T23:21:21 TRT" skipped="0">
  <testcase classname="tests.day17_DependsOnMethod_SoftAssert_OOP.C04_DriverIlkTest" name="test01" time="21.714"/>
  <system-out/>
</testsuite> <!-- tests.day17_DependsOnMethod_SoftAssert_OOP.C04_DriverIlkTest -->
